2019-10-06 22:32:45,998 INFO org.springframework.boot.StartupInfoLogger [main] Starting UserManagementApplication on DESKTOP-BGKGU8S with PID 3256 (C:\Users\Berrospe\IdeaProjects\user-management\target\classes started by Berrospe in C:\Users\Berrospe\IdeaProjects\user-management)
2019-10-06 22:32:46,002 INFO org.springframework.boot.SpringApplication [main] No active profile set, falling back to default profiles: default
2019-10-06 22:32:46,663 INFO org.springframework.data.repository.config.RepositoryConfigurationDelegate [main] Bootstrapping Spring Data repositories in DEFAULT mode.
2019-10-06 22:32:46,811 INFO org.springframework.data.repository.config.RepositoryConfigurationDelegate [main] Finished Spring Data repository scanning in 133ms. Found 1 repository interfaces.
2019-10-06 22:32:47,284 INFO org.springframework.context.support.PostProcessorRegistrationDelegate$BeanPostProcessorChecker [main] Bean 'org.springframework.ws.config.annotation.DelegatingWsConfiguration' of type [org.springframework.ws.config.annotation.DelegatingWsConfiguration$$EnhancerBySpringCGLIB$$81cc9489] is not eligible for getting processed by all BeanPostProcessors (for example: not eligible for auto-proxying)
2019-10-06 22:32:47,319 INFO org.springframework.ws.soap.addressing.server.AbstractAddressingEndpointMapping [main] Supporting [WS-Addressing August 2004, WS-Addressing 1.0]
2019-10-06 22:32:47,347 INFO org.springframework.context.support.PostProcessorRegistrationDelegate$BeanPostProcessorChecker [main] Bean 'org.springframework.transaction.annotation.ProxyTransactionManagementConfiguration' of type [org.springframework.transaction.annotation.ProxyTransactionManagementConfiguration$$EnhancerBySpringCGLIB$$dd34cf8a] is not eligible for getting processed by all BeanPostProcessors (for example: not eligible for auto-proxying)
2019-10-06 22:32:47,370 INFO org.springframework.context.support.PostProcessorRegistrationDelegate$BeanPostProcessorChecker [main] Bean 'org.springframework.hateoas.config.HateoasConfiguration' of type [org.springframework.hateoas.config.HateoasConfiguration$$EnhancerBySpringCGLIB$$5cb51cbc] is not eligible for getting processed by all BeanPostProcessors (for example: not eligible for auto-proxying)
2019-10-06 22:32:47,664 INFO org.springframework.boot.web.embedded.tomcat.TomcatWebServer [main] Tomcat initialized with port(s): 8080 (http)
2019-10-06 22:32:47,683 INFO org.apache.juli.logging.DirectJDKLog [main] Initializing ProtocolHandler ["http-nio-8080"]
2019-10-06 22:32:47,696 INFO org.apache.juli.logging.DirectJDKLog [main] Starting service [Tomcat]
2019-10-06 22:32:47,696 INFO org.apache.juli.logging.DirectJDKLog [main] Starting Servlet engine: [Apache Tomcat/9.0.24]
2019-10-06 22:32:47,848 INFO org.apache.juli.logging.DirectJDKLog [main] Initializing Spring embedded WebApplicationContext
2019-10-06 22:32:47,849 INFO org.springframework.boot.web.servlet.context.ServletWebServerApplicationContext [main] Root WebApplicationContext: initialization completed in 1782 ms
2019-10-06 22:32:48,065 INFO com.zaxxer.hikari.HikariDataSource [main] HikariPool-1 - Starting...
2019-10-06 22:32:48,238 INFO com.zaxxer.hikari.HikariDataSource [main] HikariPool-1 - Start completed.
2019-10-06 22:32:48,290 INFO org.hibernate.jpa.internal.util.LogHelper [main] HHH000204: Processing PersistenceUnitInfo [
	name: default
	...]
2019-10-06 22:32:48,384 INFO org.hibernate.Version [main] HHH000412: Hibernate Core {5.3.11.Final}
2019-10-06 22:32:48,384 INFO org.hibernate.cfg.Environment [main] HHH000206: hibernate.properties not found
2019-10-06 22:32:48,691 INFO org.hibernate.annotations.common.reflection.java.JavaReflectionManager [main] HCANN000001: Hibernate Commons Annotations {5.0.4.Final}
2019-10-06 22:32:48,867 INFO org.hibernate.dialect.Dialect [main] HHH000400: Using dialect: org.hibernate.dialect.H2Dialect
2019-10-06 22:32:50,169 DEBUG org.hibernate.engine.jdbc.spi.SqlStatementLogger [main] drop table user if exists
2019-10-06 22:32:50,180 DEBUG org.hibernate.engine.jdbc.spi.SqlStatementLogger [main] create table user (id bigint generated by default as identity, email varchar(255), first_name varchar(255), last_name varchar(255), password varchar(255), primary key (id))
2019-10-06 22:32:50,203 INFO org.hibernate.tool.schema.internal.SchemaCreatorImpl [main] HHH000476: Executing import script 'org.hibernate.tool.schema.internal.exec.ScriptSourceInputNonExistentImpl@15639d09'
2019-10-06 22:32:50,212 INFO org.springframework.orm.jpa.AbstractEntityManagerFactoryBean [main] Initialized JPA EntityManagerFactory for persistence unit 'default'
2019-10-06 22:32:50,884 INFO org.springframework.scheduling.concurrent.ExecutorConfigurationSupport [main] Initializing ExecutorService 'applicationTaskExecutor'
2019-10-06 22:32:50,940 WARN org.springframework.boot.autoconfigure.orm.jpa.JpaBaseConfiguration$JpaWebConfiguration$JpaWebMvcConfiguration [main] spring.jpa.open-in-view is enabled by default. Therefore, database queries may be performed during view rendering. Explicitly configure spring.jpa.open-in-view to disable this warning
2019-10-06 22:32:51,116 WARN org.springframework.boot.autoconfigure.thymeleaf.ThymeleafAutoConfiguration$DefaultTemplateResolverConfiguration [main] Cannot find template location: classpath:/templates/ (please add some templates or check your Thymeleaf configuration)
2019-10-06 22:32:51,351 INFO org.apache.juli.logging.DirectJDKLog [main] Starting ProtocolHandler ["http-nio-8080"]
2019-10-06 22:32:51,379 INFO org.springframework.boot.web.embedded.tomcat.TomcatWebServer [main] Tomcat started on port(s): 8080 (http) with context path ''
2019-10-06 22:32:51,381 INFO org.springframework.boot.StartupInfoLogger [main] Started UserManagementApplication in 5.832 seconds (JVM running for 6.574)
2019-10-06 22:32:56,510 INFO org.apache.juli.logging.DirectJDKLog [http-nio-8080-exec-2] Initializing Spring DispatcherServlet 'dispatcherServlet'
2019-10-06 22:32:56,511 INFO org.springframework.web.servlet.FrameworkServlet [http-nio-8080-exec-2] Initializing Servlet 'dispatcherServlet'
2019-10-06 22:32:56,523 INFO org.springframework.web.servlet.FrameworkServlet [http-nio-8080-exec-2] Completed initialization in 12 ms
2019-10-06 22:32:56,697 DEBUG org.hibernate.engine.jdbc.spi.SqlStatementLogger [http-nio-8080-exec-2] insert into user (id, email, first_name, last_name, password) values (null, ?, ?, ?, ?)
2019-10-06 22:33:51,617 INFO org.springframework.boot.StartupInfoLogger [main] Starting UserManagementApplication on DESKTOP-BGKGU8S with PID 7812 (C:\Users\Berrospe\IdeaProjects\user-management\target\classes started by Berrospe in C:\Users\Berrospe\IdeaProjects\user-management)
2019-10-06 22:33:51,620 DEBUG org.springframework.boot.StartupInfoLogger [main] Running with Spring Boot v2.1.8.RELEASE, Spring v5.1.9.RELEASE
2019-10-06 22:33:51,621 INFO org.springframework.boot.SpringApplication [main] No active profile set, falling back to default profiles: default
2019-10-06 22:33:52,319 INFO org.springframework.data.repository.config.RepositoryConfigurationDelegate [main] Bootstrapping Spring Data repositories in DEFAULT mode.
2019-10-06 22:33:52,415 INFO org.springframework.data.repository.config.RepositoryConfigurationDelegate [main] Finished Spring Data repository scanning in 86ms. Found 1 repository interfaces.
2019-10-06 22:33:53,224 INFO org.springframework.context.support.PostProcessorRegistrationDelegate$BeanPostProcessorChecker [main] Bean 'org.springframework.ws.config.annotation.DelegatingWsConfiguration' of type [org.springframework.ws.config.annotation.DelegatingWsConfiguration$$EnhancerBySpringCGLIB$$632c94fd] is not eligible for getting processed by all BeanPostProcessors (for example: not eligible for auto-proxying)
2019-10-06 22:33:53,256 INFO org.springframework.ws.soap.addressing.server.AbstractAddressingEndpointMapping [main] Supporting [WS-Addressing August 2004, WS-Addressing 1.0]
2019-10-06 22:33:53,282 INFO org.springframework.context.support.PostProcessorRegistrationDelegate$BeanPostProcessorChecker [main] Bean 'org.springframework.transaction.annotation.ProxyTransactionManagementConfiguration' of type [org.springframework.transaction.annotation.ProxyTransactionManagementConfiguration$$EnhancerBySpringCGLIB$$be94cffe] is not eligible for getting processed by all BeanPostProcessors (for example: not eligible for auto-proxying)
2019-10-06 22:33:53,300 INFO org.springframework.context.support.PostProcessorRegistrationDelegate$BeanPostProcessorChecker [main] Bean 'org.springframework.hateoas.config.HateoasConfiguration' of type [org.springframework.hateoas.config.HateoasConfiguration$$EnhancerBySpringCGLIB$$3e151d30] is not eligible for getting processed by all BeanPostProcessors (for example: not eligible for auto-proxying)
2019-10-06 22:33:53,613 INFO org.springframework.boot.web.embedded.tomcat.TomcatWebServer [main] Tomcat initialized with port(s): 8080 (http)
2019-10-06 22:33:53,628 INFO org.apache.juli.logging.DirectJDKLog [main] Initializing ProtocolHandler ["http-nio-8080"]
2019-10-06 22:33:53,640 INFO org.apache.juli.logging.DirectJDKLog [main] Starting service [Tomcat]
2019-10-06 22:33:53,640 INFO org.apache.juli.logging.DirectJDKLog [main] Starting Servlet engine: [Apache Tomcat/9.0.24]
2019-10-06 22:33:53,940 INFO org.apache.juli.logging.DirectJDKLog [main] Initializing Spring embedded WebApplicationContext
2019-10-06 22:33:53,941 INFO org.springframework.boot.web.servlet.context.ServletWebServerApplicationContext [main] Root WebApplicationContext: initialization completed in 2266 ms
2019-10-06 22:33:54,377 INFO com.zaxxer.hikari.HikariDataSource [main] HikariPool-1 - Starting...
2019-10-06 22:33:54,608 INFO com.zaxxer.hikari.HikariDataSource [main] HikariPool-1 - Start completed.
2019-10-06 22:33:54,646 INFO org.hibernate.jpa.internal.util.LogHelper [main] HHH000204: Processing PersistenceUnitInfo [
	name: default
	...]
2019-10-06 22:33:54,741 INFO org.hibernate.Version [main] HHH000412: Hibernate Core {5.3.11.Final}
2019-10-06 22:33:54,743 INFO org.hibernate.cfg.Environment [main] HHH000206: hibernate.properties not found
2019-10-06 22:33:54,910 INFO org.hibernate.annotations.common.reflection.java.JavaReflectionManager [main] HCANN000001: Hibernate Commons Annotations {5.0.4.Final}
2019-10-06 22:33:55,081 INFO org.hibernate.dialect.Dialect [main] HHH000400: Using dialect: org.hibernate.dialect.H2Dialect
2019-10-06 22:33:55,566 DEBUG org.hibernate.engine.jdbc.spi.SqlStatementLogger [main] drop table user if exists
2019-10-06 22:33:55,571 DEBUG org.hibernate.engine.jdbc.spi.SqlStatementLogger [main] create table user (id bigint generated by default as identity, email varchar(255), first_name varchar(255), last_name varchar(255), password varchar(255), primary key (id))
2019-10-06 22:33:55,581 INFO org.hibernate.tool.schema.internal.SchemaCreatorImpl [main] HHH000476: Executing import script 'org.hibernate.tool.schema.internal.exec.ScriptSourceInputNonExistentImpl@385dfb63'
2019-10-06 22:33:55,584 INFO org.springframework.orm.jpa.AbstractEntityManagerFactoryBean [main] Initialized JPA EntityManagerFactory for persistence unit 'default'
2019-10-06 22:33:56,117 INFO org.springframework.scheduling.concurrent.ExecutorConfigurationSupport [main] Initializing ExecutorService 'applicationTaskExecutor'
2019-10-06 22:33:56,152 WARN org.springframework.boot.autoconfigure.orm.jpa.JpaBaseConfiguration$JpaWebConfiguration$JpaWebMvcConfiguration [main] spring.jpa.open-in-view is enabled by default. Therefore, database queries may be performed during view rendering. Explicitly configure spring.jpa.open-in-view to disable this warning
2019-10-06 22:33:56,307 WARN org.springframework.boot.autoconfigure.thymeleaf.ThymeleafAutoConfiguration$DefaultTemplateResolverConfiguration [main] Cannot find template location: classpath:/templates/ (please add some templates or check your Thymeleaf configuration)
2019-10-06 22:33:56,550 INFO org.apache.juli.logging.DirectJDKLog [main] Starting ProtocolHandler ["http-nio-8080"]
2019-10-06 22:33:56,569 INFO org.springframework.boot.web.embedded.tomcat.TomcatWebServer [main] Tomcat started on port(s): 8080 (http) with context path ''
2019-10-06 22:33:56,571 INFO org.springframework.boot.StartupInfoLogger [main] Started UserManagementApplication in 5.355 seconds (JVM running for 6.069)
2019-10-06 22:34:05,018 INFO org.springframework.boot.StartupInfoLogger [main] Starting UserManagementApplication on DESKTOP-BGKGU8S with PID 2600 (C:\Users\Berrospe\IdeaProjects\user-management\target\classes started by Berrospe in C:\Users\Berrospe\IdeaProjects\user-management)
2019-10-06 22:34:05,022 DEBUG org.springframework.boot.StartupInfoLogger [main] Running with Spring Boot v2.1.8.RELEASE, Spring v5.1.9.RELEASE
2019-10-06 22:34:05,022 INFO org.springframework.boot.SpringApplication [main] No active profile set, falling back to default profiles: default
2019-10-06 22:34:05,726 INFO org.springframework.data.repository.config.RepositoryConfigurationDelegate [main] Bootstrapping Spring Data repositories in DEFAULT mode.
2019-10-06 22:34:05,863 INFO org.springframework.data.repository.config.RepositoryConfigurationDelegate [main] Finished Spring Data repository scanning in 119ms. Found 1 repository interfaces.
2019-10-06 22:34:06,487 INFO org.springframework.context.support.PostProcessorRegistrationDelegate$BeanPostProcessorChecker [main] Bean 'org.springframework.ws.config.annotation.DelegatingWsConfiguration' of type [org.springframework.ws.config.annotation.DelegatingWsConfiguration$$EnhancerBySpringCGLIB$$1052696e] is not eligible for getting processed by all BeanPostProcessors (for example: not eligible for auto-proxying)
2019-10-06 22:34:06,516 INFO org.springframework.ws.soap.addressing.server.AbstractAddressingEndpointMapping [main] Supporting [WS-Addressing August 2004, WS-Addressing 1.0]
2019-10-06 22:34:06,548 INFO org.springframework.context.support.PostProcessorRegistrationDelegate$BeanPostProcessorChecker [main] Bean 'org.springframework.transaction.annotation.ProxyTransactionManagementConfiguration' of type [org.springframework.transaction.annotation.ProxyTransactionManagementConfiguration$$EnhancerBySpringCGLIB$$6bbaa46f] is not eligible for getting processed by all BeanPostProcessors (for example: not eligible for auto-proxying)
2019-10-06 22:34:06,565 INFO org.springframework.context.support.PostProcessorRegistrationDelegate$BeanPostProcessorChecker [main] Bean 'org.springframework.hateoas.config.HateoasConfiguration' of type [org.springframework.hateoas.config.HateoasConfiguration$$EnhancerBySpringCGLIB$$eb3af1a1] is not eligible for getting processed by all BeanPostProcessors (for example: not eligible for auto-proxying)
2019-10-06 22:34:06,734 INFO org.springframework.boot.web.embedded.tomcat.TomcatWebServer [main] Tomcat initialized with port(s): 8080 (http)
2019-10-06 22:34:06,743 INFO org.apache.juli.logging.DirectJDKLog [main] Initializing ProtocolHandler ["http-nio-8080"]
2019-10-06 22:34:06,753 INFO org.apache.juli.logging.DirectJDKLog [main] Starting service [Tomcat]
2019-10-06 22:34:06,753 INFO org.apache.juli.logging.DirectJDKLog [main] Starting Servlet engine: [Apache Tomcat/9.0.24]
2019-10-06 22:34:06,848 INFO org.apache.juli.logging.DirectJDKLog [main] Initializing Spring embedded WebApplicationContext
2019-10-06 22:34:06,849 INFO org.springframework.boot.web.servlet.context.ServletWebServerApplicationContext [main] Root WebApplicationContext: initialization completed in 1791 ms
2019-10-06 22:34:06,976 INFO com.zaxxer.hikari.HikariDataSource [main] HikariPool-1 - Starting...
2019-10-06 22:34:07,213 INFO com.zaxxer.hikari.HikariDataSource [main] HikariPool-1 - Start completed.
2019-10-06 22:34:07,253 INFO org.hibernate.jpa.internal.util.LogHelper [main] HHH000204: Processing PersistenceUnitInfo [
	name: default
	...]
2019-10-06 22:34:07,331 INFO org.hibernate.Version [main] HHH000412: Hibernate Core {5.3.11.Final}
2019-10-06 22:34:07,332 INFO org.hibernate.cfg.Environment [main] HHH000206: hibernate.properties not found
2019-10-06 22:34:07,481 INFO org.hibernate.annotations.common.reflection.java.JavaReflectionManager [main] HCANN000001: Hibernate Commons Annotations {5.0.4.Final}
2019-10-06 22:34:07,621 INFO org.hibernate.dialect.Dialect [main] HHH000400: Using dialect: org.hibernate.dialect.H2Dialect
2019-10-06 22:34:08,295 DEBUG org.hibernate.engine.jdbc.spi.SqlStatementLogger [main] drop table user if exists
2019-10-06 22:34:08,300 DEBUG org.hibernate.engine.jdbc.spi.SqlStatementLogger [main] create table user (id bigint generated by default as identity, email varchar(255), first_name varchar(255), last_name varchar(255), password varchar(255), primary key (id))
2019-10-06 22:34:08,312 INFO org.hibernate.tool.schema.internal.SchemaCreatorImpl [main] HHH000476: Executing import script 'org.hibernate.tool.schema.internal.exec.ScriptSourceInputNonExistentImpl@1c628f6a'
2019-10-06 22:34:08,315 INFO org.springframework.orm.jpa.AbstractEntityManagerFactoryBean [main] Initialized JPA EntityManagerFactory for persistence unit 'default'
2019-10-06 22:34:08,947 INFO org.springframework.scheduling.concurrent.ExecutorConfigurationSupport [main] Initializing ExecutorService 'applicationTaskExecutor'
2019-10-06 22:34:08,978 WARN org.springframework.boot.autoconfigure.orm.jpa.JpaBaseConfiguration$JpaWebConfiguration$JpaWebMvcConfiguration [main] spring.jpa.open-in-view is enabled by default. Therefore, database queries may be performed during view rendering. Explicitly configure spring.jpa.open-in-view to disable this warning
2019-10-06 22:34:09,082 WARN org.springframework.boot.autoconfigure.thymeleaf.ThymeleafAutoConfiguration$DefaultTemplateResolverConfiguration [main] Cannot find template location: classpath:/templates/ (please add some templates or check your Thymeleaf configuration)
2019-10-06 22:34:09,256 INFO org.apache.juli.logging.DirectJDKLog [main] Starting ProtocolHandler ["http-nio-8080"]
2019-10-06 22:34:09,277 INFO org.springframework.boot.web.embedded.tomcat.TomcatWebServer [main] Tomcat started on port(s): 8080 (http) with context path ''
2019-10-06 22:34:09,279 INFO org.springframework.boot.StartupInfoLogger [main] Started UserManagementApplication in 4.708 seconds (JVM running for 5.395)
2019-10-06 22:34:28,843 INFO org.apache.juli.logging.DirectJDKLog [http-nio-8080-exec-2] Initializing Spring DispatcherServlet 'dispatcherServlet'
2019-10-06 22:34:28,844 INFO org.springframework.web.servlet.FrameworkServlet [http-nio-8080-exec-2] Initializing Servlet 'dispatcherServlet'
2019-10-06 22:34:28,855 INFO org.springframework.web.servlet.FrameworkServlet [http-nio-8080-exec-2] Completed initialization in 11 ms
2019-10-06 22:34:28,974 DEBUG com.drawsforall.user.management.business.UserService [http-nio-8080-exec-2] Creating user UserDTO(userId=null, email=hector.berrospe@alumnos.udg.mxxD, password=wut, firstName=Lalin, lastName=Berrospe, display=null)
2019-10-06 22:34:29,015 DEBUG org.hibernate.engine.jdbc.spi.SqlStatementLogger [http-nio-8080-exec-2] insert into user (id, email, first_name, last_name, password) values (null, ?, ?, ?, ?)
2019-10-06 22:34:29,037 DEBUG com.drawsforall.user.management.business.UserService [http-nio-8080-exec-2] Created user User(id=4, email=hector.berrospe@alumnos.udg.mxxD, password=wut, firstName=Lalin, lastName=Berrospe)
2019-10-06 22:34:37,970 DEBUG com.drawsforall.user.management.business.UserService [http-nio-8080-exec-3] Creating user UserDTO(userId=null, email=hector.berrospe@alumnos.udg.mxxDabc, password=wut, firstName=Lalin, lastName=Berrospe, display=null)
2019-10-06 22:34:37,971 DEBUG org.hibernate.engine.jdbc.spi.SqlStatementLogger [http-nio-8080-exec-3] insert into user (id, email, first_name, last_name, password) values (null, ?, ?, ?, ?)
2019-10-06 22:34:37,973 DEBUG com.drawsforall.user.management.business.UserService [http-nio-8080-exec-3] Created user User(id=5, email=hector.berrospe@alumnos.udg.mxxDabc, password=wut, firstName=Lalin, lastName=Berrospe)
